2025-04-11 11:36:20.123  INFO 3425 --- [main] com.security.system.Application          : Starting Application v0.0.1-SNAPSHOT using Java 11.0.26 with PID 3425 (/home/ubuntu/spring-boot-project/target/security-system-0.0.1-SNAPSHOT.jar started by ubuntu in /home/ubuntu/spring-boot-project)
2025-04-11 11:36:20.126 DEBUG 3425 --- [main] com.security.system.Application          : Running with Spring Boot v2.7.0, Spring v5.3.20
2025-04-11 11:36:20.127  INFO 3425 --- [main] com.security.system.Application          : No active profile set, falling back to 1 default profile: "default"
2025-04-11 11:36:21.207  INFO 3425 --- [main] .s.d.r.c.RepositoryConfigurationDelegate : Bootstrapping Spring Data JPA repositories in DEFAULT mode.
2025-04-11 11:36:21.310  INFO 3425 --- [main] .s.d.r.c.RepositoryConfigurationDelegate : Finished Spring Data repository scanning in 90 ms. Found 6 JPA repository interfaces.
2025-04-11 11:36:22.263  INFO 3425 --- [main] o.s.b.w.embedded.tomcat.TomcatWebServer  : Tomcat initialized with port(s): 8080 (http)
2025-04-11 11:36:22.277  INFO 3425 --- [main] o.apache.catalina.core.StandardService   : Starting service [Tomcat]
2025-04-11 11:36:22.277  INFO 3425 --- [main] org.apache.catalina.core.StandardEngine  : Starting Servlet engine: [Apache Tomcat/9.0.63]
2025-04-11 11:36:22.361  INFO 3425 --- [main] o.a.c.c.C.[Tomcat].[localhost].[/]       : Initializing Spring embedded WebApplicationContext
2025-04-11 11:36:22.361  INFO 3425 --- [main] w.s.c.ServletWebServerApplicationContext : Root WebApplicationContext: initialization completed in 2145 ms
2025-04-11 11:36:22.410  INFO 3425 --- [main] com.zaxxer.hikari.HikariDataSource       : HikariPool-1 - Starting...
2025-04-11 11:36:22.834  INFO 3425 --- [main] com.zaxxer.hikari.HikariDataSource       : HikariPool-1 - Start completed.
2025-04-11 11:36:22.852  INFO 3425 --- [main] o.s.b.a.h2.H2ConsoleAutoConfiguration    : H2 console available at '/h2-console'. Database available at 'jdbc:h2:file:./data/security-system'
2025-04-11 11:36:23.015  INFO 3425 --- [main] o.hibernate.jpa.internal.util.LogHelper  : HHH000204: Processing PersistenceUnitInfo [name: default]
2025-04-11 11:36:23.081  INFO 3425 --- [main] org.hibernate.Version                    : HHH000412: Hibernate ORM core version 5.6.9.Final
2025-04-11 11:36:23.356  INFO 3425 --- [main] o.hibernate.annotations.common.Version   : HCANN000001: Hibernate Commons Annotations {5.1.2.Final}
2025-04-11 11:36:23.508  INFO 3425 --- [main] org.hibernate.dialect.Dialect            : HHH000400: Using dialect: org.hibernate.dialect.H2Dialect
2025-04-11 11:36:24.594  INFO 3425 --- [main] o.h.e.t.j.p.i.JtaPlatformInitiator       : HHH000490: Using JtaPlatform implementation: [org.hibernate.engine.transaction.jta.platform.internal.NoJtaPlatform]
2025-04-11 11:36:24.604  INFO 3425 --- [main] j.LocalContainerEntityManagerFactoryBean : Initialized JPA EntityManagerFactory for persistence unit 'default'
2025-04-11 11:36:25.167  WARN 3425 --- [main] ConfigServletWebServerApplicationContext : Exception encountered during context initialization - cancelling refresh attempt: org.springframework.beans.factory.UnsatisfiedDependencyException: Error creating bean with name 'mjpgStreamerService': Unsatisfied dependency expressed through field 'deviceRepository'; nested exception is org.springframework.beans.factory.BeanCreationException: Error creating bean with name 'deviceRepository' defined in com.security.system.repository.DeviceRepository defined in @EnableJpaRepositories declared on JpaRepositoriesRegistrar.EnableJpaRepositoriesConfiguration: Invocation of init method failed; nested exception is org.springframework.data.repository.query.QueryCreationException: Could not create query for public abstract java.util.List com.security.system.repository.DeviceRepository.findByUserId(java.lang.Long)! Reason: Validation failed for query for method public abstract java.util.List com.security.system.repository.DeviceRepository.findByUserId(java.lang.Long)!; nested exception is java.lang.IllegalArgumentException: Validation failed for query for method public abstract java.util.List com.security.system.repository.DeviceRepository.findByUserId(java.lang.Long)!
2025-04-11 11:36:25.168  INFO 3425 --- [main] j.LocalContainerEntityManagerFactoryBean : Closing JPA EntityManagerFactory for persistence unit 'default'
2025-04-11 11:36:25.170  INFO 3425 --- [main] com.zaxxer.hikari.HikariDataSource       : HikariPool-1 - Shutdown initiated...
2025-04-11 11:36:25.183  INFO 3425 --- [main] com.zaxxer.hikari.HikariDataSource       : HikariPool-1 - Shutdown completed.
2025-04-11 11:36:25.185  INFO 3425 --- [main] o.apache.catalina.core.StandardService   : Stopping service [Tomcat]
2025-04-11 11:36:25.198  INFO 3425 --- [main] ConditionEvaluationReportLoggingListener : 

Error starting ApplicationContext. To display the conditions report re-run your application with 'debug' enabled.
2025-04-11 11:36:25.225 ERROR 3425 --- [main] o.s.boot.SpringApplication               : Application run failed

org.springframework.beans.factory.UnsatisfiedDependencyException: Error creating bean with name 'mjpgStreamerService': Unsatisfied dependency expressed through field 'deviceRepository'; nested exception is org.springframework.beans.factory.BeanCreationException: Error creating bean with name 'deviceRepository' defined in com.security.system.repository.DeviceRepository defined in @EnableJpaRepositories declared on JpaRepositoriesRegistrar.EnableJpaRepositoriesConfiguration: Invocation of init method failed; nested exception is org.springframework.data.repository.query.QueryCreationException: Could not create query for public abstract java.util.List com.security.system.repository.DeviceRepository.findByUserId(java.lang.Long)! Reason: Validation failed for query for method public abstract java.util.List com.security.system.repository.DeviceRepository.findByUserId(java.lang.Long)!; nested exception is java.lang.IllegalArgumentException: Validation failed for query for method public abstract java.util.List com.security.system.repository.DeviceRepository.findByUserId(java.lang.Long)!
	at org.springframework.beans.factory.annotation.AutowiredAnnotationBeanPostProcessor$AutowiredFieldElement.resolveFieldValue(AutowiredAnnotationBeanPostProcessor.java:659) ~[spring-beans-5.3.20.jar!/:5.3.20]
	at org.springframework.beans.factory.annotation.AutowiredAnnotationBeanPostProcessor$AutowiredFieldElement.inject(AutowiredAnnotationBeanPostProcessor.java:639) ~[spring-beans-5.3.20.jar!/:5.3.20]
	at org.springframework.beans.factory.annotation.InjectionMetadata.inject(InjectionMetadata.java:119) ~[spring-beans-5.3.20.jar!/:5.3.20]
	at org.springframework.beans.factory.annotation.AutowiredAnnotationBeanPostProcessor.postProcessProperties(AutowiredAnnotationBeanPostProcessor.java:399) ~[spring-beans-5.3.20.jar!/:5.3.20]
	at org.springframework.beans.factory.support.AbstractAutowireCapableBeanFactory.populateBean(AbstractAutowireCapableBeanFactory.java:1431) ~[spring-beans-5.3.20.jar!/:5.3.20]
	at org.springframework.beans.factory.support.AbstractAutowireCapableBeanFactory.doCreateBean(AbstractAutowireCapableBeanFactory.java:619) ~[spring-beans-5.3.20.jar!/:5.3.20]
	at org.springframework.beans.factory.support.AbstractAutowireCapableBeanFactory.createBean(AbstractAutowireCapableBeanFactory.java:542) ~[spring-beans-5.3.20.jar!/:5.3.20]
	at org.springframework.beans.factory.support.AbstractBeanFactory.lambda$doGetBean$0(AbstractBeanFactory.java:335) ~[spring-beans-5.3.20.jar!/:5.3.20]
	at org.springframework.beans.factory.support.DefaultSingletonBeanRegistry.getSingleton(DefaultSingletonBeanRegistry.java:234) ~[spring-beans-5.3.20.jar!/:5.3.20]
	at org.springframework.beans.factory.support.AbstractBeanFactory.doGetBean(AbstractBeanFactory.java:333) ~[spring-beans-5.3.20.jar!/:5.3.20]
	at org.springframework.beans.factory.support.AbstractBeanFactory.getBean(AbstractBeanFactory.java:208) ~[spring-beans-5.3.20.jar!/:5.3.20]
	at org.springframework.beans.factory.support.DefaultListableBeanFactory.preInstantiateSingletons(DefaultListableBeanFactory.java:953) ~[spring-beans-5.3.20.jar!/:5.3.20]
	at org.springframework.context.support.AbstractApplicationContext.finishBeanFactoryInitialization(AbstractApplicationContext.java:918) ~[spring-context-5.3.20.jar!/:5.3.20]
	at org.springframework.context.support.AbstractApplicationContext.refresh(AbstractApplicationContext.java:583) ~[spring-context-5.3.20.jar!/:5.3.20]
	at org.springframework.boot.web.servlet.context.ServletWebServerApplicationContext.refresh(ServletWebServerApplicationContext.java:147) ~[spring-boot-2.7.0.jar!/:2.7.0]
	at org.springframework.boot.SpringApplication.refresh(SpringApplication.java:734) ~[spring-boot-2.7.0.jar!/:2.7.0]
	at org.springframework.boot.SpringApplication.refreshContext(SpringApplication.java:408) ~[spring-boot-2.7.0.jar!/:2.7.0]
	at org.springframework.boot.SpringApplication.run(SpringApplication.java:308) ~[spring-boot-2.7.0.jar!/:2.7.0]
	at org.springframework.boot.SpringApplication.run(SpringApplication.java:1306) ~[spring-boot-2.7.0.jar!/:2.7.0]
	at org.springframework.boot.SpringApplication.run(SpringApplication.java:1295) ~[spring-boot-2.7.0.jar!/:2.7.0]
	at com.security.system.Application.main(Application.java:12) ~[classes!/:0.0.1-SNAPSHOT]
	at java.base/jdk.internal.reflect.NativeMethodAccessorImpl.invoke0(Native Method) ~[na:na]
	at java.base/jdk.internal.reflect.NativeMethodAccessorImpl.invoke(NativeMethodAccessorImpl.java:62) ~[na:na]
	at java.base/jdk.internal.reflect.DelegatingMethodAccessorImpl.invoke(DelegatingMethodAccessorImpl.java:43) ~[na:na]
	at java.base/java.lang.reflect.Method.invoke(Method.java:566) ~[na:na]
	at org.springframework.boot.loader.MainMethodRunner.run(MainMethodRunner.java:49) ~[security-system-0.0.1-SNAPSHOT.jar:0.0.1-SNAPSHOT]
	at org.springframework.boot.loader.Launcher.launch(Launcher.java:108) ~[security-system-0.0.1-SNAPSHOT.jar:0.0.1-SNAPSHOT]
	at org.springframework.boot.loader.Launcher.launch(Launcher.java:58) ~[security-system-0.0.1-SNAPSHOT.jar:0.0.1-SNAPSHOT]
	at org.springframework.boot.loader.JarLauncher.main(JarLauncher.java:65) ~[security-system-0.0.1-SNAPSHOT.jar:0.0.1-SNAPSHOT]
Caused by: org.springframework.beans.factory.BeanCreationException: Error creating bean with name 'deviceRepository' defined in com.security.system.repository.DeviceRepository defined in @EnableJpaRepositories declared on JpaRepositoriesRegistrar.EnableJpaRepositoriesConfiguration: Invocation of init method failed; nested exception is org.springframework.data.repository.query.QueryCreationException: Could not create query for public abstract java.util.List com.security.system.repository.DeviceRepository.findByUserId(java.lang.Long)! Reason: Validation failed for query for method public abstract java.util.List com.security.system.repository.DeviceRepository.findByUserId(java.lang.Long)!; nested exception is java.lang.IllegalArgumentException: Validation failed for query for method public abstract java.util.List com.security.system.repository.DeviceRepository.findByUserId(java.lang.Long)!
	at org.springframework.beans.factory.support.AbstractAutowireCapableBeanFactory.initializeBean(AbstractAutowireCapableBeanFactory.java:1804) ~[spring-beans-5.3.20.jar!/:5.3.20]
	at org.springframework.beans.factory.support.AbstractAutowireCapableBeanFactory.doCreateBean(AbstractAutowireCapableBeanFactory.java:620) ~[spring-beans-5.3.20.jar!/:5.3.20]
	at org.springframework.beans.factory.support.AbstractAutowireCapableBeanFactory.createBean(AbstractAutowireCapableBeanFactory.java:542) ~[spring-beans-5.3.20.jar!/:5.3.20]
	at org.springframework.beans.factory.support.AbstractBeanFactory.lambda$doGetBean$0(AbstractBeanFactory.java:335) ~[spring-beans-5.3.20.jar!/:5.3.20]
	at org.springframework.beans.factory.support.DefaultSingletonBeanRegistry.getSingleton(DefaultSingletonBeanRegistry.java:234) ~[spring-beans-5.3.20.jar!/:5.3.20]
	at org.springframework.beans.factory.support.AbstractBeanFactory.doGetBean(AbstractBeanFactory.java:333) ~[spring-beans-5.3.20.jar!/:5.3.20]
	at org.springframework.beans.factory.support.AbstractBeanFactory.getBean(AbstractBeanFactory.java:208) ~[spring-beans-5.3.20.jar!/:5.3.20]
	at org.springframework.beans.factory.config.DependencyDescriptor.resolveCandidate(DependencyDescriptor.java:276) ~[spring-beans-5.3.20.jar!/:5.3.20]
	at org.springframework.beans.factory.support.DefaultListableBeanFactory.doResolveDependency(DefaultListableBeanFactory.java:1389) ~[spring-beans-5.3.20.jar!/:5.3.20]
	at org.springframework.beans.factory.support.DefaultListableBeanFactory.resolveDependency(DefaultListableBeanFactory.java:1309) ~[spring-beans-5.3.20.jar!/:5.3.20]
	at org.springframework.beans.factory.annotation.AutowiredAnnotationBeanPostProcessor$AutowiredFieldElement.resolveFieldValue(AutowiredAnnotationBeanPostProcessor.java:656) ~[spring-beans-5.3.20.jar!/:5.3.20]
	... 28 common frames omitted
Caused by: org.springframework.data.repository.query.QueryCreationException: Could not create query for public abstract java.util.List com.security.system.repository.DeviceRepository.findByUserId(java.lang.Long)! Reason: Validation failed for query for method public abstract java.util.List com.security.system.repository.DeviceRepository.findByUserId(java.lang.Long)!; nested exception is java.lang.IllegalArgumentException: Validation failed for query for method public abstract java.util.List com.security.system.repository.DeviceRepository.findByUserId(java.lang.Long)!
	at org.springframework.data.repository.query.QueryCreationException.create(QueryCreationException.java:101) ~[spring-data-commons-2.7.0.jar!/:2.7.0]
	at org.springframework.data.repository.core.support.QueryExecutorMethodInterceptor.lookupQuery(QueryExecutorMethodInterceptor.java:106) ~[spring-data-commons-2.7.0.jar!/:2.7.0]
	at org.springframework.data.repository.core.support.QueryExecutorMethodInterceptor.lambda$mapMethodsToQuery$1(QueryExecutorMethodInterceptor.java:94) ~[spring-data-commons-2.7.0.jar!/:2.7.0]
	at java.base/java.util.stream.ReferencePipeline$3$1.accept(ReferencePipeline.java:195) ~[na:na]
	at java.base/java.util.Iterator.forEachRemaining(Iterator.java:133) ~[na:na]
	at java.base/java.util.Collections$UnmodifiableCollection$1.forEachRemaining(Collections.java:1054) ~[na:na]
	at java.base/java.util.Spliterators$IteratorSpliterator.forEachRemaining(Spliterators.java:1801) ~[na:na]
	at java.base/java.util.stream.AbstractPipeline.copyInto(AbstractPipeline.java:484) ~[na:na]
	at java.base/java.util.stream.AbstractPipeline.wrapAndCopyInto(AbstractPipeline.java:474) ~[na:na]
	at java.base/java.util.stream.ReduceOps$ReduceOp.evaluateSequential(ReduceOps.java:913) ~[na:na]
	at java.base/java.util.stream.AbstractPipeline.evaluate(AbstractPipeline.java:234) ~[na:na]
	at java.base/java.util.stream.ReferencePipeline.collect(ReferencePipeline.java:578) ~[na:na]
	at org.springframework.data.repository.core.support.QueryExecutorMethodInterceptor.mapMethodsToQuery(QueryExecutorMethodInterceptor.java:96) ~[spring-data-commons-2.7.0.jar!/:2.7.0]
	at org.springframework.data.repository.core.support.QueryExecutorMethodInterceptor.lambda$new$0(QueryExecutorMethodInterceptor.java:86) ~[spring-data-commons-2.7.0.jar!/:2.7.0]
	at java.base/java.util.Optional.map(Optional.java:265) ~[na:na]
	at org.springframework.data.repository.core.support.QueryExecutorMethodInterceptor.<init>(QueryExecutorMethodInterceptor.java:86) ~[spring-data-commons-2.7.0.jar!/:2.7.0]
	at org.springframework.data.repository.core.support.RepositoryFactorySupport.getRepository(RepositoryFactorySupport.java:364) ~[spring-data-commons-2.7.0.jar!/:2.7.0]
	at org.springframework.data.repository.core.support.RepositoryFactoryBeanSupport.lambda$afterPropertiesSet$5(RepositoryFactoryBeanSupport.java:322) ~[spring-data-commons-2.7.0.jar!/:2.7.0]
	at org.springframework.data.util.Lazy.getNullable(Lazy.java:230) ~[spring-data-commons-2.7.0.jar!/:2.7.0]
	at org.springframework.data.util.Lazy.get(Lazy.java:114) ~[spring-data-commons-2.7.0.jar!/:2.7.0]
	at org.springframework.data.repository.core.support.RepositoryFactoryBeanSupport.afterPropertiesSet(RepositoryFactoryBeanSupport.java:328) ~[spring-data-commons-2.7.0.jar!/:2.7.0]
	at org.springframework.data.jpa.repository.support.JpaRepositoryFactoryBean.afterPropertiesSet(JpaRepositoryFactoryBean.java:144) ~[spring-data-jpa-2.7.0.jar!/:2.7.0]
	at org.springframework.beans.factory.support.AbstractAutowireCapableBeanFactory.invokeInitMethods(AbstractAutowireCapableBeanFactory.java:1863) ~[spring-beans-5.3.20.jar!/:5.3.20]
	at org.springframework.beans.factory.support.AbstractAutowireCapableBeanFactory.initializeBean(AbstractAutowireCapableBeanFactory.java:1800) ~[spring-beans-5.3.20.jar!/:5.3.20]
	... 38 common frames omitted
Caused by: java.lang.IllegalArgumentException: Validation failed for query for method public abstract java.util.List com.security.system.repository.DeviceRepository.findByUserId(java.lang.Long)!
	at org.springframework.data.jpa.repository.query.SimpleJpaQuery.validateQuery(SimpleJpaQuery.java:96) ~[spring-data-jpa-2.7.0.jar!/:2.7.0]
	at org.springframework.data.jpa.repository.query.SimpleJpaQuery.<init>(SimpleJpaQuery.java:66) ~[spring-data-jpa-2.7.0.jar!/:2.7.0]
	at org.springframework.data.jpa.repository.query.JpaQueryFactory.fromMethodWithQueryString(JpaQueryFactory.java:51) ~[spring-data-jpa-2.7.0.jar!/:2.7.0]
	at org.springframework.data.jpa.repository.query.JpaQueryLookupStrategy$DeclaredQueryLookupStrategy.resolveQuery(JpaQueryLookupStrategy.java:163) ~[spring-data-jpa-2.7.0.jar!/:2.7.0]
	at org.springframework.data.jpa.repository.query.JpaQueryLookupStrategy$CreateIfNotFoundQueryLookupStrategy.resolveQuery(JpaQueryLookupStrategy.java:252) ~[spring-data-jpa-2.7.0.jar!/:2.7.0]
	at org.springframework.data.jpa.repository.query.JpaQueryLookupStrategy$AbstractQueryLookupStrategy.resolveQuery(JpaQueryLookupStrategy.java:87) ~[spring-data-jpa-2.7.0.jar!/:2.7.0]
	at org.springframework.data.repository.core.support.QueryExecutorMethodInterceptor.lookupQuery(QueryExecutorMethodInterceptor.java:102) ~[spring-data-commons-2.7.0.jar!/:2.7.0]
	... 60 common frames omitted
Caused by: java.lang.IllegalArgumentException: org.hibernate.QueryException: could not resolve property: accessibleDevices of: com.security.system.entity.Device [SELECT d FROM com.security.system.entity.Device d JOIN d.accessibleDevices u WHERE u.id = ?1]
	at org.hibernate.internal.ExceptionConverterImpl.convert(ExceptionConverterImpl.java:138) ~[hibernate-core-5.6.9.Final.jar!/:5.6.9.Final]
	at org.hibernate.internal.ExceptionConverterImpl.convert(ExceptionConverterImpl.java:181) ~[hibernate-core-5.6.9.Final.jar!/:5.6.9.Final]
	at org.hibernate.internal.ExceptionConverterImpl.convert(ExceptionConverterImpl.java:188) ~[hibernate-core-5.6.9.Final.jar!/:5.6.9.Final]
	at org.hibernate.internal.AbstractSharedSessionContract.createQuery(AbstractSharedSessionContract.java:757) ~[hibernate-core-5.6.9.Final.jar!/:5.6.9.Final]
	at org.hibernate.internal.AbstractSharedSessionContract.createQuery(AbstractSharedSessionContract.java:114) ~[hibernate-core-5.6.9.Final.jar!/:5.6.9.Final]
	at java.base/jdk.internal.reflect.NativeMethodAccessorImpl.invoke0(Native Method) ~[na:na]
	at java.base/jdk.internal.reflect.NativeMethodAccessorImpl.invoke(NativeMethodAccessorImpl.java:62) ~[na:na]
	at java.base/jdk.internal.reflect.DelegatingMethodAccessorImpl.invoke(DelegatingMethodAccessorImpl.java:43) ~[na:na]
	at java.base/java.lang.reflect.Method.invoke(Method.java:566) ~[na:na]
	at org.springframework.orm.jpa.ExtendedEntityManagerCreator$ExtendedEntityManagerInvocationHandler.invoke(ExtendedEntityManagerCreator.java:362) ~[spring-orm-5.3.20.jar!/:5.3.20]
	at com.sun.proxy.$Proxy111.createQuery(Unknown Source) ~[na:na]
	at org.springframework.data.jpa.repository.query.SimpleJpaQuery.validateQuery(SimpleJpaQuery.java:90) ~[spring-data-jpa-2.7.0.jar!/:2.7.0]
	... 66 common frames omitted
Caused by: org.hibernate.QueryException: could not resolve property: accessibleDevices of: com.security.system.entity.Device [SELECT d FROM com.security.system.entity.Device d JOIN d.accessibleDevices u WHERE u.id = ?1]
	at org.hibernate.QueryException.generateQueryException(QueryException.java:120) ~[hibernate-core-5.6.9.Final.jar!/:5.6.9.Final]
	at org.hibernate.QueryException.wrapWithQueryString(QueryException.java:103) ~[hibernate-core-5.6.9.Final.jar!/:5.6.9.Final]
	at org.hibernate.hql.internal.ast.QueryTranslatorImpl.doCompile(QueryTranslatorImpl.java:220) ~[hibernate-core-5.6.9.Final.jar!/:5.6.9.Final]
	at org.hibernate.hql.internal.ast.QueryTranslatorImpl.compile(QueryTranslatorImpl.java:144) ~[hibernate-core-5.6.9.Final.jar!/:5.6.9.Final]
	at org.hibernate.engine.query.spi.HQLQueryPlan.<init>(HQLQueryPlan.java:113) ~[hibernate-core-5.6.9.Final.jar!/:5.6.9.Final]
	at org.hibernate.engine.query.spi.HQLQueryPlan.<init>(HQLQueryPlan.java:73) ~[hibernate-core-5.6.9.Final.jar!/:5.6.9.Final]
	at org.hibernate.engine.query.spi.QueryPlanCache.getHQLQueryPlan(QueryPlanCache.java:162) ~[hibernate-core-5.6.9.Final.jar!/:5.6.9.Final]
	at org.hibernate.internal.AbstractSharedSessionContract.getQueryPlan(AbstractSharedSessionContract.java:636) ~[hibernate-core-5.6.9.Final.jar!/:5.6.9.Final]
	at org.hibernate.internal.AbstractSharedSessionContract.createQuery(AbstractSharedSessionContract.java:748) ~[hibernate-core-5.6.9.Final.jar!/:5.6.9.Final]
	... 74 common frames omitted
Caused by: org.hibernate.QueryException: could not resolve property: accessibleDevices of: com.security.system.entity.Device
	at org.hibernate.persister.entity.AbstractPropertyMapping.propertyException(AbstractPropertyMapping.java:78) ~[hibernate-core-5.6.9.Final.jar!/:5.6.9.Final]
	at org.hibernate.persister.entity.AbstractPropertyMapping.toType(AbstractPropertyMapping.java:72) ~[hibernate-core-5.6.9.Final.jar!/:5.6.9.Final]
	at org.hibernate.persister.entity.AbstractEntityPersister.toType(AbstractEntityPersister.java:2053) ~[hibernate-core-5.6.9.Final.jar!/:5.6.9.Final]
	at org.hibernate.hql.internal.ast.tree.FromElementType.getPropertyType(FromElementType.java:412) ~[hibernate-core-5.6.9.Final.jar!/:5.6.9.Final]
	at org.hibernate.hql.internal.ast.tree.FromElement.getPropertyType(FromElement.java:524) ~[hibernate-core-5.6.9.Final.jar!/:5.6.9.Final]
	at org.hibernate.hql.internal.ast.tree.DotNode.getDataType(DotNode.java:723) ~[hibernate-core-5.6.9.Final.jar!/:5.6.9.Final]
	at org.hibernate.hql.internal.ast.tree.DotNode.prepareLhs(DotNode.java:268) ~[hibernate-core-5.6.9.Final.jar!/:5.6.9.Final]
	at org.hibernate.hql.internal.ast.tree.DotNode.resolve(DotNode.java:208) ~[hibernate-core-5.6.9.Final.jar!/:5.6.9.Final]
	at org.hibernate.hql.internal.ast.tree.FromReferenceNode.resolve(FromReferenceNode.java:114) ~[hibernate-core-5.6.9.Final.jar!/:5.6.9.Final]
	at org.hibernate.hql.internal.ast.tree.FromReferenceNode.resolve(FromReferenceNode.java:109) ~[hibernate-core-5.6.9.Final.jar!/:5.6.9.Final]
	at org.hibernate.hql.internal.ast.HqlSqlWalker.createFromJoinElement(HqlSqlWalker.java:411) ~[hibernate-core-5.6.9.Final.jar!/:5.6.9.Final]
	at org.hibernate.hql.internal.antlr.HqlSqlBaseWalker.joinElement(HqlSqlBaseWalker.java:4007) ~[hibernate-core-5.6.9.Final.jar!/:5.6.9.Final]
	at org.hibernate.hql.internal.antlr.HqlSqlBaseWalker.fromElement(HqlSqlBaseWalker.java:3793) ~[hibernate-core-5.6.9.Final.jar!/:5.6.9.Final]
	at org.hibernate.hql.internal.antlr.HqlSqlBaseWalker.fromElementList(HqlSqlBaseWalker.java:3671) ~[hibernate-core-5.6.9.Final.jar!/:5.6.9.Final]
	at org.hibernate.hql.internal.antlr.HqlSqlBaseWalker.fromClause(HqlSqlBaseWalker.java:746) ~[hibernate-core-5.6.9.Final.jar!/:5.6.9.Final]
	at org.hibernate.hql.internal.antlr.HqlSqlBaseWalker.query(HqlSqlBaseWalker.java:602) ~[hibernate-core-5.6.9.Final.jar!/:5.6.9.Final]
	at org.hibernate.hql.internal.antlr.HqlSqlBaseWalker.selectStatement(HqlSqlBaseWalker.java:339) ~[hibernate-core-5.6.9.Final.jar!/:5.6.9.Final]
	at org.hibernate.hql.internal.antlr.HqlSqlBaseWalker.statement(HqlSqlBaseWalker.java:287) ~[hibernate-core-5.6.9.Final.jar!/:5.6.9.Final]
	at org.hibernate.hql.internal.ast.QueryTranslatorImpl.analyze(QueryTranslatorImpl.java:276) ~[hibernate-core-5.6.9.Final.jar!/:5.6.9.Final]
	at org.hibernate.hql.internal.ast.QueryTranslatorImpl.doCompile(QueryTranslatorImpl.java:192) ~[hibernate-core-5.6.9.Final.jar!/:5.6.9.Final]
	... 80 common frames omitted

2025-04-11 11:38:52.753  INFO 3572 --- [main] com.security.system.Application          : Starting Application v0.0.1-SNAPSHOT using Java 11.0.26 with PID 3572 (/home/ubuntu/spring-boot-project/target/security-system-0.0.1-SNAPSHOT.jar started by ubuntu in /home/ubuntu/spring-boot-project)
2025-04-11 11:38:52.757 DEBUG 3572 --- [main] com.security.system.Application          : Running with Spring Boot v2.7.0, Spring v5.3.20
2025-04-11 11:38:52.759  INFO 3572 --- [main] com.security.system.Application          : No active profile set, falling back to 1 default profile: "default"
2025-04-11 11:38:54.086  INFO 3572 --- [main] .s.d.r.c.RepositoryConfigurationDelegate : Bootstrapping Spring Data JPA repositories in DEFAULT mode.
2025-04-11 11:38:54.228  INFO 3572 --- [main] .s.d.r.c.RepositoryConfigurationDelegate : Finished Spring Data repository scanning in 128 ms. Found 6 JPA repository interfaces.
2025-04-11 11:38:55.081  INFO 3572 --- [main] o.s.b.w.embedded.tomcat.TomcatWebServer  : Tomcat initialized with port(s): 8080 (http)
2025-04-11 11:38:55.096  INFO 3572 --- [main] o.apache.catalina.core.StandardService   : Starting service [Tomcat]
2025-04-11 11:38:55.096  INFO 3572 --- [main] org.apache.catalina.core.StandardEngine  : Starting Servlet engine: [Apache Tomcat/9.0.63]
2025-04-11 11:38:55.312  INFO 3572 --- [main] o.a.c.c.C.[Tomcat].[localhost].[/]       : Initializing Spring embedded WebApplicationContext
2025-04-11 11:38:55.313  INFO 3572 --- [main] w.s.c.ServletWebServerApplicationContext : Root WebApplicationContext: initialization completed in 2469 ms
2025-04-11 11:38:55.379  INFO 3572 --- [main] com.zaxxer.hikari.HikariDataSource       : HikariPool-1 - Starting...
2025-04-11 11:38:55.854  INFO 3572 --- [main] com.zaxxer.hikari.HikariDataSource       : HikariPool-1 - Start completed.
2025-04-11 11:38:55.874  INFO 3572 --- [main] o.s.b.a.h2.H2ConsoleAutoConfiguration    : H2 console available at '/h2-console'. Database available at 'jdbc:h2:file:./data/security-system'
2025-04-11 11:38:56.045  INFO 3572 --- [main] o.hibernate.jpa.internal.util.LogHelper  : HHH000204: Processing PersistenceUnitInfo [name: default]
2025-04-11 11:38:56.123  INFO 3572 --- [main] org.hibernate.Version                    : HHH000412: Hibernate ORM core version 5.6.9.Final
2025-04-11 11:38:56.368  INFO 3572 --- [main] o.hibernate.annotations.common.Version   : HCANN000001: Hibernate Commons Annotations {5.1.2.Final}
2025-04-11 11:38:56.527  INFO 3572 --- [main] org.hibernate.dialect.Dialect            : HHH000400: Using dialect: org.hibernate.dialect.H2Dialect
2025-04-11 11:38:57.768  INFO 3572 --- [main] o.h.e.t.j.p.i.JtaPlatformInitiator       : HHH000490: Using JtaPlatform implementation: [org.hibernate.engine.transaction.jta.platform.internal.NoJtaPlatform]
2025-04-11 11:38:57.781  INFO 3572 --- [main] j.LocalContainerEntityManagerFactoryBean : Initialized JPA EntityManagerFactory for persistence unit 'default'
2025-04-11 11:38:58.370  WARN 3572 --- [main] ConfigServletWebServerApplicationContext : Exception encountered during context initialization - cancelling refresh attempt: org.springframework.beans.factory.UnsatisfiedDependencyException: Error creating bean with name 'mjpgStreamerService': Unsatisfied dependency expressed through field 'deviceRepository'; nested exception is org.springframework.beans.factory.BeanCreationException: Error creating bean with name 'deviceRepository' defined in com.security.system.repository.DeviceRepository defined in @EnableJpaRepositories declared on JpaRepositoriesRegistrar.EnableJpaRepositoriesConfiguration: Invocation of init method failed; nested exception is org.springframework.data.repository.query.QueryCreationException: Could not create query for public abstract java.util.List com.security.system.repository.DeviceRepository.findByUserId(java.lang.Long)! Reason: Validation failed for query for method public abstract java.util.List com.security.system.repository.DeviceRepository.findByUserId(java.lang.Long)!; nested exception is java.lang.IllegalArgumentException: Validation failed for query for method public abstract java.util.List com.security.system.repository.DeviceRepository.findByUserId(java.lang.Long)!
2025-04-11 11:38:58.371  INFO 3572 --- [main] j.LocalContainerEntityManagerFactoryBean : Closing JPA EntityManagerFactory for persistence unit 'default'
2025-04-11 11:38:58.376  INFO 3572 --- [main] com.zaxxer.hikari.HikariDataSource       : HikariPool-1 - Shutdown initiated...
2025-04-11 11:38:58.406  INFO 3572 --- [main] com.zaxxer.hikari.HikariDataSource       : HikariPool-1 - Shutdown completed.
2025-04-11 11:38:58.409  INFO 3572 --- [main] o.apache.catalina.core.StandardService   : Stopping service [Tomcat]
2025-04-11 11:38:58.426  INFO 3572 --- [main] ConditionEvaluationReportLoggingListener : 

Error starting ApplicationContext. To display the conditions report re-run your application with 'debug' enabled.
2025-04-11 11:38:58.457 ERROR 3572 --- [main] o.s.boot.SpringApplication               : Application run failed

org.springframework.beans.factory.UnsatisfiedDependencyException: Error creating bean with name 'mjpgStreamerService': Unsatisfied dependency expressed through field 'deviceRepository'; nested exception is org.springframework.beans.factory.BeanCreationException: Error creating bean with name 'deviceRepository' defined in com.security.system.repository.DeviceRepository defined in @EnableJpaRepositories declared on JpaRepositoriesRegistrar.EnableJpaRepositoriesConfiguration: Invocation of init method failed; nested exception is org.springframework.data.repository.query.QueryCreationException: Could not create query for public abstract java.util.List com.security.system.repository.DeviceRepository.findByUserId(java.lang.Long)! Reason: Validation failed for query for method public abstract java.util.List com.security.system.repository.DeviceRepository.findByUserId(java.lang.Long)!; nested exception is java.lang.IllegalArgumentException: Validation failed for query for method public abstract java.util.List com.security.system.repository.DeviceRepository.findByUserId(java.lang.Long)!
	at org.springframework.beans.factory.annotation.AutowiredAnnotationBeanPostProcessor$AutowiredFieldElement.resolveFieldValue(AutowiredAnnotationBeanPostProcessor.java:659) ~[spring-beans-5.3.20.jar!/:5.3.20]
	at org.springframework.beans.factory.annotation.AutowiredAnnotationBeanPostProcessor$AutowiredFieldElement.inject(AutowiredAnnotationBeanPostProcessor.java:639) ~[spring-beans-5.3.20.jar!/:5.3.20]
	at org.springframework.beans.factory.annotation.InjectionMetadata.inject(InjectionMetadata.java:119) ~[spring-beans-5.3.20.jar!/:5.3.20]
	at org.springframework.beans.factory.annotation.AutowiredAnnotationBeanPostProcessor.postProcessProperties(AutowiredAnnotationBeanPostProcessor.java:399) ~[spring-beans-5.3.20.jar!/:5.3.20]
	at org.springframework.beans.factory.support.AbstractAutowireCapableBeanFactory.populateBean(AbstractAutowireCapableBeanFactory.java:1431) ~[spring-beans-5.3.20.jar!/:5.3.20]
	at org.springframework.beans.factory.support.AbstractAutowireCapableBeanFactory.doCreateBean(AbstractAutowireCapableBeanFactory.java:619) ~[spring-beans-5.3.20.jar!/:5.3.20]
	at org.springframework.beans.factory.support.AbstractAutowireCapableBeanFactory.createBean(AbstractAutowireCapableBeanFactory.java:542) ~[spring-beans-5.3.20.jar!/:5.3.20]
	at org.springframework.beans.factory.support.AbstractBeanFactory.lambda$doGetBean$0(AbstractBeanFactory.java:335) ~[spring-beans-5.3.20.jar!/:5.3.20]
	at org.springframework.beans.factory.support.DefaultSingletonBeanRegistry.getSingleton(DefaultSingletonBeanRegistry.java:234) ~[spring-beans-5.3.20.jar!/:5.3.20]
	at org.springframework.beans.factory.support.AbstractBeanFactory.doGetBean(AbstractBeanFactory.java:333) ~[spring-beans-5.3.20.jar!/:5.3.20]
	at org.springframework.beans.factory.support.AbstractBeanFactory.getBean(AbstractBeanFactory.java:208) ~[spring-beans-5.3.20.jar!/:5.3.20]
	at org.springframework.beans.factory.support.DefaultListableBeanFactory.preInstantiateSingletons(DefaultListableBeanFactory.java:953) ~[spring-beans-5.3.20.jar!/:5.3.20]
	at org.springframework.context.support.AbstractApplicationContext.finishBeanFactoryInitialization(AbstractApplicationContext.java:918) ~[spring-context-5.3.20.jar!/:5.3.20]
	at org.springframework.context.support.AbstractApplicationContext.refresh(AbstractApplicationContext.java:583) ~[spring-context-5.3.20.jar!/:5.3.20]
	at org.springframework.boot.web.servlet.context.ServletWebServerApplicationContext.refresh(ServletWebServerApplicationContext.java:147) ~[spring-boot-2.7.0.jar!/:2.7.0]
	at org.springframework.boot.SpringApplication.refresh(SpringApplication.java:734) ~[spring-boot-2.7.0.jar!/:2.7.0]
	at org.springframework.boot.SpringApplication.refreshContext(SpringApplication.java:408) ~[spring-boot-2.7.0.jar!/:2.7.0]
	at org.springframework.boot.SpringApplication.run(SpringApplication.java:308) ~[spring-boot-2.7.0.jar!/:2.7.0]
	at org.springframework.boot.SpringApplication.run(SpringApplication.java:1306) ~[spring-boot-2.7.0.jar!/:2.7.0]
	at org.springframework.boot.SpringApplication.run(SpringApplication.java:1295) ~[spring-boot-2.7.0.jar!/:2.7.0]
	at com.security.system.Application.main(Application.java:12) ~[classes!/:0.0.1-SNAPSHOT]
	at java.base/jdk.internal.reflect.NativeMethodAccessorImpl.invoke0(Native Method) ~[na:na]
	at java.base/jdk.internal.reflect.NativeMethodAccessorImpl.invoke(NativeMethodAccessorImpl.java:62) ~[na:na]
	at java.base/jdk.internal.reflect.DelegatingMethodAccessorImpl.invoke(DelegatingMethodAccessorImpl.java:43) ~[na:na]
	at java.base/java.lang.reflect.Method.invoke(Method.java:566) ~[na:na]
	at org.springframework.boot.loader.MainMethodRunner.run(MainMethodRunner.java:49) ~[security-system-0.0.1-SNAPSHOT.jar:0.0.1-SNAPSHOT]
	at org.springframework.boot.loader.Launcher.launch(Launcher.java:108) ~[security-system-0.0.1-SNAPSHOT.jar:0.0.1-SNAPSHOT]
	at org.springframework.boot.loader.Launcher.launch(Launcher.java:58) ~[security-system-0.0.1-SNAPSHOT.jar:0.0.1-SNAPSHOT]
	at org.springframework.boot.loader.JarLauncher.main(JarLauncher.java:65) ~[security-system-0.0.1-SNAPSHOT.jar:0.0.1-SNAPSHOT]
Caused by: org.springframework.beans.factory.BeanCreationException: Error creating bean with name 'deviceRepository' defined in com.security.system.repository.DeviceRepository defined in @EnableJpaRepositories declared on JpaRepositoriesRegistrar.EnableJpaRepositoriesConfiguration: Invocation of init method failed; nested exception is org.springframework.data.repository.query.QueryCreationException: Could not create query for public abstract java.util.List com.security.system.repository.DeviceRepository.findByUserId(java.lang.Long)! Reason: Validation failed for query for method public abstract java.util.List com.security.system.repository.DeviceRepository.findByUserId(java.lang.Long)!; nested exception is java.lang.IllegalArgumentException: Validation failed for query for method public abstract java.util.List com.security.system.repository.DeviceRepository.findByUserId(java.lang.Long)!
	at org.springframework.beans.factory.support.AbstractAutowireCapableBeanFactory.initializeBean(AbstractAutowireCapableBeanFactory.java:1804) ~[spring-beans-5.3.20.jar!/:5.3.20]
	at org.springframework.beans.factory.support.AbstractAutowireCapableBeanFactory.doCreateBean(AbstractAutowireCapableBeanFactory.java:620) ~[spring-beans-5.3.20.jar!/:5.3.20]
	at org.springframework.beans.factory.support.AbstractAutowireCapableBeanFactory.createBean(AbstractAutowireCapableBeanFactory.java:542) ~[spring-beans-5.3.20.jar!/:5.3.20]
	at org.springframework.beans.factory.support.AbstractBeanFactory.lambda$doGetBean$0(AbstractBeanFactory.java:335) ~[spring-beans-5.3.20.jar!/:5.3.20]
	at org.springframework.beans.factory.support.DefaultSingletonBeanRegistry.getSingleton(DefaultSingletonBeanRegistry.java:234) ~[spring-beans-5.3.20.jar!/:5.3.20]
	at org.springframework.beans.factory.support.AbstractBeanFactory.doGetBean(AbstractBeanFactory.java:333) ~[spring-beans-5.3.20.jar!/:5.3.20]
	at org.springframework.beans.factory.support.AbstractBeanFactory.getBean(AbstractBeanFactory.java:208) ~[spring-beans-5.3.20.jar!/:5.3.20]
	at org.springframework.beans.factory.config.DependencyDescriptor.resolveCandidate(DependencyDescriptor.java:276) ~[spring-beans-5.3.20.jar!/:5.3.20]
	at org.springframework.beans.factory.support.DefaultListableBeanFactory.doResolveDependency(DefaultListableBeanFactory.java:1389) ~[spring-beans-5.3.20.jar!/:5.3.20]
	at org.springframework.beans.factory.support.DefaultListableBeanFactory.resolveDependency(DefaultListableBeanFactory.java:1309) ~[spring-beans-5.3.20.jar!/:5.3.20]
	at org.springframework.beans.factory.annotation.AutowiredAnnotationBeanPostProcessor$AutowiredFieldElement.resolveFieldValue(AutowiredAnnotationBeanPostProcessor.java:656) ~[spring-beans-5.3.20.jar!/:5.3.20]
	... 28 common frames omitted
Caused by: org.springframework.data.repository.query.QueryCreationException: Could not create query for public abstract java.util.List com.security.system.repository.DeviceRepository.findByUserId(java.lang.Long)! Reason: Validation failed for query for method public abstract java.util.List com.security.system.repository.DeviceRepository.findByUserId(java.lang.Long)!; nested exception is java.lang.IllegalArgumentException: Validation failed for query for method public abstract java.util.List com.security.system.repository.DeviceRepository.findByUserId(java.lang.Long)!
	at org.springframework.data.repository.query.QueryCreationException.create(QueryCreationException.java:101) ~[spring-data-commons-2.7.0.jar!/:2.7.0]
	at org.springframework.data.repository.core.support.QueryExecutorMethodInterceptor.lookupQuery(QueryExecutorMethodInterceptor.java:106) ~[spring-data-commons-2.7.0.jar!/:2.7.0]
	at org.springframework.data.repository.core.support.QueryExecutorMethodInterceptor.lambda$mapMethodsToQuery$1(QueryExecutorMethodInterceptor.java:94) ~[spring-data-commons-2.7.0.jar!/:2.7.0]
	at java.base/java.util.stream.ReferencePipeline$3$1.accept(ReferencePipeline.java:195) ~[na:na]
	at java.base/java.util.Iterator.forEachRemaining(Iterator.java:133) ~[na:na]
	at java.base/java.util.Collections$UnmodifiableCollection$1.forEachRemaining(Collections.java:1054) ~[na:na]
	at java.base/java.util.Spliterators$IteratorSpliterator.forEachRemaining(Spliterators.java:1801) ~[na:na]
	at java.base/java.util.stream.AbstractPipeline.copyInto(AbstractPipeline.java:484) ~[na:na]
	at java.base/java.util.stream.AbstractPipeline.wrapAndCopyInto(AbstractPipeline.java:474) ~[na:na]
	at java.base/java.util.stream.ReduceOps$ReduceOp.evaluateSequential(ReduceOps.java:913) ~[na:na]
	at java.base/java.util.stream.AbstractPipeline.evaluate(AbstractPipeline.java:234) ~[na:na]
	at java.base/java.util.stream.ReferencePipeline.collect(ReferencePipeline.java:578) ~[na:na]
	at org.springframework.data.repository.core.support.QueryExecutorMethodInterceptor.mapMethodsToQuery(QueryExecutorMethodInterceptor.java:96) ~[spring-data-commons-2.7.0.jar!/:2.7.0]
	at org.springframework.data.repository.core.support.QueryExecutorMethodInterceptor.lambda$new$0(QueryExecutorMethodInterceptor.java:86) ~[spring-data-commons-2.7.0.jar!/:2.7.0]
	at java.base/java.util.Optional.map(Optional.java:265) ~[na:na]
	at org.springframework.data.repository.core.support.QueryExecutorMethodInterceptor.<init>(QueryExecutorMethodInterceptor.java:86) ~[spring-data-commons-2.7.0.jar!/:2.7.0]
	at org.springframework.data.repository.core.support.RepositoryFactorySupport.getRepository(RepositoryFactorySupport.java:364) ~[spring-data-commons-2.7.0.jar!/:2.7.0]
	at org.springframework.data.repository.core.support.RepositoryFactoryBeanSupport.lambda$afterPropertiesSet$5(RepositoryFactoryBeanSupport.java:322) ~[spring-data-commons-2.7.0.jar!/:2.7.0]
	at org.springframework.data.util.Lazy.getNullable(Lazy.java:230) ~[spring-data-commons-2.7.0.jar!/:2.7.0]
	at org.springframework.data.util.Lazy.get(Lazy.java:114) ~[spring-data-commons-2.7.0.jar!/:2.7.0]
	at org.springframework.data.repository.core.support.RepositoryFactoryBeanSupport.afterPropertiesSet(RepositoryFactoryBeanSupport.java:328) ~[spring-data-commons-2.7.0.jar!/:2.7.0]
	at org.springframework.data.jpa.repository.support.JpaRepositoryFactoryBean.afterPropertiesSet(JpaRepositoryFactoryBean.java:144) ~[spring-data-jpa-2.7.0.jar!/:2.7.0]
	at org.springframework.beans.factory.support.AbstractAutowireCapableBeanFactory.invokeInitMethods(AbstractAutowireCapableBeanFactory.java:1863) ~[spring-beans-5.3.20.jar!/:5.3.20]
	at org.springframework.beans.factory.support.AbstractAutowireCapableBeanFactory.initializeBean(AbstractAutowireCapableBeanFactory.java:1800) ~[spring-beans-5.3.20.jar!/:5.3.20]
	... 38 common frames omitted
Caused by: java.lang.IllegalArgumentException: Validation failed for query for method public abstract java.util.List com.security.system.repository.DeviceRepository.findByUserId(java.lang.Long)!
	at org.springframework.data.jpa.repository.query.SimpleJpaQuery.validateQuery(SimpleJpaQuery.java:96) ~[spring-data-jpa-2.7.0.jar!/:2.7.0]
	at org.springframework.data.jpa.repository.query.SimpleJpaQuery.<init>(SimpleJpaQuery.java:66) ~[spring-data-jpa-2.7.0.jar!/:2.7.0]
	at org.springframework.data.jpa.repository.query.JpaQueryFactory.fromMethodWithQueryString(JpaQueryFactory.java:51) ~[spring-data-jpa-2.7.0.jar!/:2.7.0]
	at org.springframework.data.jpa.repository.query.JpaQueryLookupStrategy$DeclaredQueryLookupStrategy.resolveQuery(JpaQueryLookupStrategy.java:163) ~[spring-data-jpa-2.7.0.jar!/:2.7.0]
	at org.springframework.data.jpa.repository.query.JpaQueryLookupStrategy$CreateIfNotFoundQueryLookupStrategy.resolveQuery(JpaQueryLookupStrategy.java:252) ~[spring-data-jpa-2.7.0.jar!/:2.7.0]
	at org.springframework.data.jpa.repository.query.JpaQueryLookupStrategy$AbstractQueryLookupStrategy.resolveQuery(JpaQueryLookupStrategy.java:87) ~[spring-data-jpa-2.7.0.jar!/:2.7.0]
	at org.springframework.data.repository.core.support.QueryExecutorMethodInterceptor.lookupQuery(QueryExecutorMethodInterceptor.java:102) ~[spring-data-commons-2.7.0.jar!/:2.7.0]
	... 60 common frames omitted
Caused by: java.lang.IllegalArgumentException: org.hibernate.QueryException: could not resolve property: accessibleDevices of: com.security.system.entity.Device [SELECT d FROM com.security.system.entity.Device d JOIN d.accessibleDevices u WHERE u.id = ?1]
	at org.hibernate.internal.ExceptionConverterImpl.convert(ExceptionConverterImpl.java:138) ~[hibernate-core-5.6.9.Final.jar!/:5.6.9.Final]
	at org.hibernate.internal.ExceptionConverterImpl.convert(ExceptionConverterImpl.java:181) ~[hibernate-core-5.6.9.Final.jar!/:5.6.9.Final]
	at org.hibernate.internal.ExceptionConverterImpl.convert(ExceptionConverterImpl.java:188) ~[hibernate-core-5.6.9.Final.jar!/:5.6.9.Final]
	at org.hibernate.internal.AbstractSharedSessionContract.createQuery(AbstractSharedSessionContract.java:757) ~[hibernate-core-5.6.9.Final.jar!/:5.6.9.Final]
	at org.hibernate.internal.AbstractSharedSessionContract.createQuery(AbstractSharedSessionContract.java:114) ~[hibernate-core-5.6.9.Final.jar!/:5.6.9.Final]
	at java.base/jdk.internal.reflect.NativeMethodAccessorImpl.invoke0(Native Method) ~[na:na]
	at java.base/jdk.internal.reflect.NativeMethodAccessorImpl.invoke(NativeMethodAccessorImpl.java:62) ~[na:na]
	at java.base/jdk.internal.reflect.DelegatingMethodAccessorImpl.invoke(DelegatingMethodAccessorImpl.java:43) ~[na:na]
	at java.base/java.lang.reflect.Method.invoke(Method.java:566) ~[na:na]
	at org.springframework.orm.jpa.ExtendedEntityManagerCreator$ExtendedEntityManagerInvocationHandler.invoke(ExtendedEntityManagerCreator.java:362) ~[spring-orm-5.3.20.jar!/:5.3.20]
	at com.sun.proxy.$Proxy111.createQuery(Unknown Source) ~[na:na]
	at org.springframework.data.jpa.repository.query.SimpleJpaQuery.validateQuery(SimpleJpaQuery.java:90) ~[spring-data-jpa-2.7.0.jar!/:2.7.0]
	... 66 common frames omitted
Caused by: org.hibernate.QueryException: could not resolve property: accessibleDevices of: com.security.system.entity.Device [SELECT d FROM com.security.system.entity.Device d JOIN d.accessibleDevices u WHERE u.id = ?1]
	at org.hibernate.QueryException.generateQueryException(QueryException.java:120) ~[hibernate-core-5.6.9.Final.jar!/:5.6.9.Final]
	at org.hibernate.QueryException.wrapWithQueryString(QueryException.java:103) ~[hibernate-core-5.6.9.Final.jar!/:5.6.9.Final]
	at org.hibernate.hql.internal.ast.QueryTranslatorImpl.doCompile(QueryTranslatorImpl.java:220) ~[hibernate-core-5.6.9.Final.jar!/:5.6.9.Final]
	at org.hibernate.hql.internal.ast.QueryTranslatorImpl.compile(QueryTranslatorImpl.java:144) ~[hibernate-core-5.6.9.Final.jar!/:5.6.9.Final]
	at org.hibernate.engine.query.spi.HQLQueryPlan.<init>(HQLQueryPlan.java:113) ~[hibernate-core-5.6.9.Final.jar!/:5.6.9.Final]
	at org.hibernate.engine.query.spi.HQLQueryPlan.<init>(HQLQueryPlan.java:73) ~[hibernate-core-5.6.9.Final.jar!/:5.6.9.Final]
	at org.hibernate.engine.query.spi.QueryPlanCache.getHQLQueryPlan(QueryPlanCache.java:162) ~[hibernate-core-5.6.9.Final.jar!/:5.6.9.Final]
	at org.hibernate.internal.AbstractSharedSessionContract.getQueryPlan(AbstractSharedSessionContract.java:636) ~[hibernate-core-5.6.9.Final.jar!/:5.6.9.Final]
	at org.hibernate.internal.AbstractSharedSessionContract.createQuery(AbstractSharedSessionContract.java:748) ~[hibernate-core-5.6.9.Final.jar!/:5.6.9.Final]
	... 74 common frames omitted
Caused by: org.hibernate.QueryException: could not resolve property: accessibleDevices of: com.security.system.entity.Device
	at org.hibernate.persister.entity.AbstractPropertyMapping.propertyException(AbstractPropertyMapping.java:78) ~[hibernate-core-5.6.9.Final.jar!/:5.6.9.Final]
	at org.hibernate.persister.entity.AbstractPropertyMapping.toType(AbstractPropertyMapping.java:72) ~[hibernate-core-5.6.9.Final.jar!/:5.6.9.Final]
	at org.hibernate.persister.entity.AbstractEntityPersister.toType(AbstractEntityPersister.java:2053) ~[hibernate-core-5.6.9.Final.jar!/:5.6.9.Final]
	at org.hibernate.hql.internal.ast.tree.FromElementType.getPropertyType(FromElementType.java:412) ~[hibernate-core-5.6.9.Final.jar!/:5.6.9.Final]
	at org.hibernate.hql.internal.ast.tree.FromElement.getPropertyType(FromElement.java:524) ~[hibernate-core-5.6.9.Final.jar!/:5.6.9.Final]
	at org.hibernate.hql.internal.ast.tree.DotNode.getDataType(DotNode.java:723) ~[hibernate-core-5.6.9.Final.jar!/:5.6.9.Final]
	at org.hibernate.hql.internal.ast.tree.DotNode.prepareLhs(DotNode.java:268) ~[hibernate-core-5.6.9.Final.jar!/:5.6.9.Final]
	at org.hibernate.hql.internal.ast.tree.DotNode.resolve(DotNode.java:208) ~[hibernate-core-5.6.9.Final.jar!/:5.6.9.Final]
	at org.hibernate.hql.internal.ast.tree.FromReferenceNode.resolve(FromReferenceNode.java:114) ~[hibernate-core-5.6.9.Final.jar!/:5.6.9.Final]
	at org.hibernate.hql.internal.ast.tree.FromReferenceNode.resolve(FromReferenceNode.java:109) ~[hibernate-core-5.6.9.Final.jar!/:5.6.9.Final]
	at org.hibernate.hql.internal.ast.HqlSqlWalker.createFromJoinElement(HqlSqlWalker.java:411) ~[hibernate-core-5.6.9.Final.jar!/:5.6.9.Final]
	at org.hibernate.hql.internal.antlr.HqlSqlBaseWalker.joinElement(HqlSqlBaseWalker.java:4007) ~[hibernate-core-5.6.9.Final.jar!/:5.6.9.Final]
	at org.hibernate.hql.internal.antlr.HqlSqlBaseWalker.fromElement(HqlSqlBaseWalker.java:3793) ~[hibernate-core-5.6.9.Final.jar!/:5.6.9.Final]
	at org.hibernate.hql.internal.antlr.HqlSqlBaseWalker.fromElementList(HqlSqlBaseWalker.java:3671) ~[hibernate-core-5.6.9.Final.jar!/:5.6.9.Final]
	at org.hibernate.hql.internal.antlr.HqlSqlBaseWalker.fromClause(HqlSqlBaseWalker.java:746) ~[hibernate-core-5.6.9.Final.jar!/:5.6.9.Final]
	at org.hibernate.hql.internal.antlr.HqlSqlBaseWalker.query(HqlSqlBaseWalker.java:602) ~[hibernate-core-5.6.9.Final.jar!/:5.6.9.Final]
	at org.hibernate.hql.internal.antlr.HqlSqlBaseWalker.selectStatement(HqlSqlBaseWalker.java:339) ~[hibernate-core-5.6.9.Final.jar!/:5.6.9.Final]
	at org.hibernate.hql.internal.antlr.HqlSqlBaseWalker.statement(HqlSqlBaseWalker.java:287) ~[hibernate-core-5.6.9.Final.jar!/:5.6.9.Final]
	at org.hibernate.hql.internal.ast.QueryTranslatorImpl.analyze(QueryTranslatorImpl.java:276) ~[hibernate-core-5.6.9.Final.jar!/:5.6.9.Final]
	at org.hibernate.hql.internal.ast.QueryTranslatorImpl.doCompile(QueryTranslatorImpl.java:192) ~[hibernate-core-5.6.9.Final.jar!/:5.6.9.Final]
	... 80 common frames omitted

2025-04-11 11:40:07.993  INFO 3687 --- [main] com.security.system.Application          : Starting Application v0.0.1-SNAPSHOT using Java 11.0.26 with PID 3687 (/home/ubuntu/spring-boot-project/target/security-system-0.0.1-SNAPSHOT.jar started by ubuntu in /home/ubuntu/spring-boot-project)
2025-04-11 11:40:07.996 DEBUG 3687 --- [main] com.security.system.Application          : Running with Spring Boot v2.7.0, Spring v5.3.20
2025-04-11 11:40:07.997  INFO 3687 --- [main] com.security.system.Application          : No active profile set, falling back to 1 default profile: "default"
2025-04-11 11:40:09.036  INFO 3687 --- [main] .s.d.r.c.RepositoryConfigurationDelegate : Bootstrapping Spring Data JPA repositories in DEFAULT mode.
2025-04-11 11:40:09.147  INFO 3687 --- [main] .s.d.r.c.RepositoryConfigurationDelegate : Finished Spring Data repository scanning in 86 ms. Found 6 JPA repository interfaces.
2025-04-11 11:40:09.879  INFO 3687 --- [main] o.s.b.w.embedded.tomcat.TomcatWebServer  : Tomcat initialized with port(s): 8080 (http)
2025-04-11 11:40:09.892  INFO 3687 --- [main] o.apache.catalina.core.StandardService   : Starting service [Tomcat]
2025-04-11 11:40:09.893  INFO 3687 --- [main] org.apache.catalina.core.StandardEngine  : Starting Servlet engine: [Apache Tomcat/9.0.63]
2025-04-11 11:40:09.973  INFO 3687 --- [main] o.a.c.c.C.[Tomcat].[localhost].[/]       : Initializing Spring embedded WebApplicationContext
2025-04-11 11:40:09.973  INFO 3687 --- [main] w.s.c.ServletWebServerApplicationContext : Root WebApplicationContext: initialization completed in 1899 ms
2025-04-11 11:40:10.017  INFO 3687 --- [main] com.zaxxer.hikari.HikariDataSource       : HikariPool-1 - Starting...
2025-04-11 11:40:10.418  INFO 3687 --- [main] com.zaxxer.hikari.HikariDataSource       : HikariPool-1 - Start completed.
2025-04-11 11:40:10.434  INFO 3687 --- [main] o.s.b.a.h2.H2ConsoleAutoConfiguration    : H2 console available at '/h2-console'. Database available at 'jdbc:h2:file:./data/security-system'
2025-04-11 11:40:10.585  INFO 3687 --- [main] o.hibernate.jpa.internal.util.LogHelper  : HHH000204: Processing PersistenceUnitInfo [name: default]
2025-04-11 11:40:10.649  INFO 3687 --- [main] org.hibernate.Version                    : HHH000412: Hibernate ORM core version 5.6.9.Final
2025-04-11 11:40:10.889  INFO 3687 --- [main] o.hibernate.annotations.common.Version   : HCANN000001: Hibernate Commons Annotations {5.1.2.Final}
2025-04-11 11:40:11.051  INFO 3687 --- [main] org.hibernate.dialect.Dialect            : HHH000400: Using dialect: org.hibernate.dialect.H2Dialect
2025-04-11 11:40:12.057  INFO 3687 --- [main] o.h.e.t.j.p.i.JtaPlatformInitiator       : HHH000490: Using JtaPlatform implementation: [org.hibernate.engine.transaction.jta.platform.internal.NoJtaPlatform]
2025-04-11 11:40:12.068  INFO 3687 --- [main] j.LocalContainerEntityManagerFactoryBean : Initialized JPA EntityManagerFactory for persistence unit 'default'
2025-04-11 11:40:13.055  WARN 3687 --- [main] JpaBaseConfiguration$JpaWebConfiguration : spring.jpa.open-in-view is enabled by default. Therefore, database queries may be performed during view rendering. Explicitly configure spring.jpa.open-in-view to disable this warning
2025-04-11 11:40:13.157  WARN 3687 --- [main] .s.s.UserDetailsServiceAutoConfiguration : 

Using generated security password: 09556577-50af-4b3a-b5af-3933cdc6bba3

This generated password is for development use only. Your security configuration must be updated before running your application in production.

2025-04-11 11:40:13.351  INFO 3687 --- [main] o.s.s.web.DefaultSecurityFilterChain     : Will secure any request with [org.springframework.security.web.session.DisableEncodeUrlFilter@43984213, org.springframework.security.web.context.request.async.WebAsyncManagerIntegrationFilter@2ff7a73, org.springframework.security.web.context.SecurityContextPersistenceFilter@32e652b6, org.springframework.security.web.header.HeaderWriterFilter@35f3a22c, org.springframework.security.web.authentication.logout.LogoutFilter@708f018e, org.springframework.security.web.authentication.UsernamePasswordAuthenticationFilter@e11ecfa, org.springframework.security.web.savedrequest.RequestCacheAwareFilter@7593ea79, org.springframework.security.web.servletapi.SecurityContextHolderAwareRequestFilter@788ba63e, org.springframework.security.web.authentication.AnonymousAuthenticationFilter@38830ea, org.springframework.security.web.session.SessionManagementFilter@123d7057, org.springframework.security.web.access.ExceptionTranslationFilter@2e17a321, org.springframework.security.web.access.intercept.FilterSecurityInterceptor@70d63e05]
2025-04-11 11:40:13.623  INFO 3687 --- [main] o.s.b.a.w.s.WelcomePageHandlerMapping    : Adding welcome page: class path resource [static/index.html]
2025-04-11 11:40:13.844  INFO 3687 --- [main] o.s.b.w.embedded.tomcat.TomcatWebServer  : Tomcat started on port(s): 8080 (http) with context path ''
2025-04-11 11:40:13.846  INFO 3687 --- [main] o.s.m.s.b.SimpleBrokerMessageHandler     : Starting...
2025-04-11 11:40:13.846  INFO 3687 --- [main] o.s.m.s.b.SimpleBrokerMessageHandler     : BrokerAvailabilityEvent[available=true, SimpleBrokerMessageHandler [org.springframework.messaging.simp.broker.DefaultSubscriptionRegistry@16736040]]
2025-04-11 11:40:13.847  INFO 3687 --- [main] o.s.m.s.b.SimpleBrokerMessageHandler     : Started.
2025-04-11 11:40:13.873  INFO 3687 --- [main] com.security.system.Application          : Started Application in 6.509 seconds (JVM running for 7.215)
2025-04-11 11:41:13.447  INFO 3687 --- [MessageBroker-2] o.s.w.s.c.WebSocketMessageBrokerStats    : WebSocketSession[0 current WS(0)-HttpStream(0)-HttpPoll(0), 0 total, 0 closed abnormally (0 connect failure, 0 send limit, 0 transport error)], stompSubProtocol[processed CONNECT(0)-CONNECTED(0)-DISCONNECT(0)], stompBrokerRelay[null], inboundChannel[pool size = 0, active threads = 0, queued tasks = 0, completed tasks = 0], outboundChannel[pool size = 0, active threads = 0, queued tasks = 0, completed tasks = 0], sockJsScheduler[pool size = 4, active threads = 1, queued tasks = 2, completed tasks = 3]
